0 info it worked if it ends with ok
1 verbose cli [ 'C:\\Program Files\\nodejs\\\\node.exe',
1 verbose cli   'C:\\Program Files\\nodejs\\node_modules\\npm\\bin\\npm-cli.js',
1 verbose cli   'run',
1 verbose cli   'build' ]
2 info using npm@1.4.28
3 info using node@v0.10.37
4 verbose node symlink C:\Program Files\nodejs\\node.exe
5 verbose run-script [ 'prebuild', 'build', 'postbuild' ]
6 info prebuild electron-photocamboom@1.0.0
7 info build electron-photocamboom@1.0.0
8 verbose unsafe-perm in lifecycle true
9 info electron-photocamboom@1.0.0 Failed to exec build script
10 error electron-photocamboom@1.0.0 build: `rimraf Photocamboom-* && electron-packager . --platform=darwin,win32,linux --arch=x64 --icon=app`
10 error Exit status 1
11 error Failed at the electron-photocamboom@1.0.0 build script.
11 error This is most likely a problem with the electron-photocamboom package,
11 error not with npm itself.
11 error Tell the author that this fails on your system:
11 error     rimraf Photocamboom-* && electron-packager . --platform=darwin,win32,linux --arch=x64 --icon=app
11 error You can get their info via:
11 error     npm owner ls electron-photocamboom
11 error There is likely additional logging output above.
12 error System Windows_NT 6.2.9200
13 error command "C:\\Program Files\\nodejs\\\\node.exe" "C:\\Program Files\\nodejs\\node_modules\\npm\\bin\\npm-cli.js" "run" "build"
14 error cwd E:\Personal Projects\electron-photocamboom
15 error node -v v0.10.37
16 error npm -v 1.4.28
17 error code ELIFECYCLE
18 verbose exit [ 1, true ]
